
24.4.2022, 21:46:45

Operating System
  Name                        = Fedora
  Version                     = 35
  Architecture                = 64bit
  # CPUs                      = 12
  Memory                      = 16366780416

Node.js
  Node.js Version             = 16.14.0
  npm Version                 = 8.3.1

Titanium CLI
  CLI Version                 = 5.4.1

Titanium SDK
  SDK Version                 = 10.1.1.GA
  SDK Path                    = /home/miga/.titanium/mobilesdk/linux/10.1.1.GA
  Target Platform             = android

Command
  /usr/bin/node /usr/local/bin/ti clean

[DEBUG]  Deleting /home/miga/dev/ti.mqtt/android/build/.gradle
[DEBUG]  Deleting /home/miga/dev/ti.mqtt/android/build/.idea
[DEBUG]  Deleting /home/miga/dev/ti.mqtt/android/build/build
[DEBUG]  Deleting /home/miga/dev/ti.mqtt/android/build/build.gradle
[DEBUG]  Deleting /home/miga/dev/ti.mqtt/android/build/build_android.log
[DEBUG]  Deleting /home/miga/dev/ti.mqtt/android/build/gradle
[DEBUG]  Deleting /home/miga/dev/ti.mqtt/android/build/gradle.properties
[DEBUG]  Deleting /home/miga/dev/ti.mqtt/android/build/gradlew
[DEBUG]  Deleting /home/miga/dev/ti.mqtt/android/build/gradlew.bat
[DEBUG]  Deleting /home/miga/dev/ti.mqtt/android/build/local.properties
[DEBUG]  Deleting /home/miga/dev/ti.mqtt/android/build/module
[DEBUG]  Deleting /home/miga/dev/ti.mqtt/android/build/settings.gradle
[DEBUG]  Deleting /home/miga/dev/ti.mqtt/android/build/ti.constants.gradle
[DEBUG]  Deleting /home/miga/dev/ti.mqtt/android/dist